stdio    D         file_stdio.c:107  file_stdio_fopen                 [   0.00000] opening D:\Projects\MyOldProjects\BingoReboot\build\allegro5.cfg r
system   D            wsystem.c:891  _al_win_safe_load_library        [   0.00000] PathFindOnPath found: C:\WINDOWS\system32\shcore.dll
system   D            wsystem.c:797  load_library_at_path             [   0.00000] Calling LoadLibrary C:\WINDOWS\system32\shcore.dll
system   I            wsystem.c:800  load_library_at_path             [   0.00000] Loaded C:\WINDOWS\system32\shcore.dll
system   I             system.c:272  al_install_system                [   0.00000] Allegro version: 5.2.10
system   D            wsystem.c:891  _al_win_safe_load_library        [   0.00139] PathFindOnPath found: C:\WINDOWS\system32\d3d9.dll
system   D            wsystem.c:797  load_library_at_path             [   0.00176] Calling LoadLibrary C:\WINDOWS\system32\d3d9.dll
system   I            wsystem.c:800  load_library_at_path             [   0.00654] Loaded C:\WINDOWS\system32\d3d9.dll
d3d      I         d3d_disp.cpp:679  d3d_init_display                 [   0.16518] Render-to-texture: 1
d3d      I         d3d_disp.cpp:1780 d3d_create_display_locked        [   0.16582] faux_fullscreen=0
d3d      D         d3d_disp.cpp:1781 d3d_create_display_locked        [   0.16597] al_display=0000027580510E00
d3d      D         d3d_disp.cpp:1782 d3d_create_display_locked        [   0.16610] al_display->vt=0000027580577580
d3d      I d3d_display_formats.cpp:144  _al_d3d_generate_display_format_list [   0.17244] found 160 format combinations
display  D   display_settings.c:214  debug_display_settings           [   0.17261] color: 32 (rgba 8880), depth: 0, stencil: 0, acc: 0000, samples: 0/0
display  D   display_settings.c:529  _al_score_display_settings       [   0.17272] Score is : 897
display  D   display_settings.c:214  debug_display_settings           [   0.17280] color: 32 (rgba 8880), depth: 0, stencil: 0, acc: 0000, samples: 0/0
display  D   display_settings.c:529  _al_score_display_settings       [   0.17289] Score is : 897
display  D   display_settings.c:214  debug_display_settings           [   0.17300] color: 32 (rgba 8880), depth: 0, stencil: 0, acc: 0000, samples: 2/1
display  D   display_settings.c:529  _al_score_display_settings       [   0.17311] Score is : 726
display  D   display_settings.c:214  debug_display_settings           [   0.17319] color: 32 (rgba 8880), depth: 0, stencil: 0, acc: 0000, samples: 3/1
display  D   display_settings.c:529  _al_score_display_settings       [   0.17329] Score is : 721
display  D   display_settings.c:214  debug_display_settings           [   0.17338] color: 32 (rgba 8880), depth: 0, stencil: 0, acc: 0000, samples: 4/1
display  D   display_settings.c:529  _al_score_display_settings       [   0.17348] Score is : 717
display  D   display_settings.c:214  debug_display_settings           [   0.17358] color: 32 (rgba 8880), depth: 24, stencil: 8, acc: 0000, samples: 0/0
display  D   display_settings.c:529  _al_score_display_settings       [   0.17367] Score is : 897
display  D   display_settings.c:214  debug_display_settings           [   0.17376] color: 32 (rgba 8880), depth: 24, stencil: 8, acc: 0000, samples: 0/0
display  D   display_settings.c:529  _al_score_display_settings       [   0.17384] Score is : 897
display  D   display_settings.c:214  debug_display_settings           [   0.17392] color: 32 (rgba 8880), depth: 24, stencil: 8, acc: 0000, samples: 2/1
display  D   display_settings.c:529  _al_score_display_settings       [   0.17400] Score is : 726
display  D   display_settings.c:214  debug_display_settings           [   0.17407] color: 32 (rgba 8880), depth: 24, stencil: 8, acc: 0000, samples: 3/1
display  D   display_settings.c:529  _al_score_display_settings       [   0.17416] Score is : 721
display  D   display_settings.c:214  debug_display_settings           [   0.17424] color: 32 (rgba 8880), depth: 24, stencil: 8, acc: 0000, samples: 4/1
display  D   display_settings.c:529  _al_score_display_settings       [   0.17433] Score is : 717
display  D   display_settings.c:214  debug_display_settings           [   0.17446] color: 32 (rgba 8880), depth: 24, stencil: 0, acc: 0000, samples: 0/0
display  D   display_settings.c:529  _al_score_display_settings       [   0.17457] Score is : 897
display  D   display_settings.c:214  debug_display_settings           [   0.17467] color: 32 (rgba 8880), depth: 24, stencil: 0, acc: 0000, samples: 0/0
display  D   display_settings.c:529  _al_score_display_settings       [   0.17475] Score is : 897
display  D   display_settings.c:214  debug_display_settings           [   0.17483] color: 32 (rgba 8880), depth: 24, stencil: 0, acc: 0000, samples: 2/1
display  D   display_settings.c:529  _al_score_display_settings       [   0.17492] Score is : 726
display  D   display_settings.c:214  debug_display_settings           [   0.17501] color: 32 (rgba 8880), depth: 24, stencil: 0, acc: 0000, samples: 3/1
display  D   display_settings.c:529  _al_score_display_settings       [   0.17510] Score is : 721
display  D   display_settings.c:214  debug_display_settings           [   0.17516] color: 32 (rgba 8880), depth: 24, stencil: 0, acc: 0000, samples: 4/1
display  D   display_settings.c:529  _al_score_display_settings       [   0.17525] Score is : 717
display  D   display_settings.c:214  debug_display_settings           [   0.17534] color: 32 (rgba 8880), depth: 16, stencil: 0, acc: 0000, samples: 0/0
display  D   display_settings.c:529  _al_score_display_settings       [   0.17543] Score is : 897
display  D   display_settings.c:214  debug_display_settings           [   0.17552] color: 32 (rgba 8880), depth: 16, stencil: 0, acc: 0000, samples: 0/0
display  D   display_settings.c:529  _al_score_display_settings       [   0.17561] Score is : 897
display  D   display_settings.c:214  debug_display_settings           [   0.17569] color: 32 (rgba 8880), depth: 16, stencil: 0, acc: 0000, samples: 2/1
display  D   display_settings.c:529  _al_score_display_settings       [   0.17578] Score is : 726
display  D   display_settings.c:214  debug_display_settings           [   0.17586] color: 32 (rgba 8880), depth: 16, stencil: 0, acc: 0000, samples: 3/1
display  D   display_settings.c:529  _al_score_display_settings       [   0.17595] Score is : 721
display  D   display_settings.c:214  debug_display_settings           [   0.17604] color: 32 (rgba 8880), depth: 16, stencil: 0, acc: 0000, samples: 4/1
display  D   display_settings.c:529  _al_score_display_settings       [   0.17611] Score is : 717
display  D   display_settings.c:214  debug_display_settings           [   0.17620] color: 16 (rgba 5650), depth: 0, stencil: 0, acc: 0000, samples: 0/0
display  D   display_settings.c:529  _al_score_display_settings       [   0.17630] Score is : 897
display  D   display_settings.c:214  debug_display_settings           [   0.17639] color: 16 (rgba 5650), depth: 0, stencil: 0, acc: 0000, samples: 0/0
display  D   display_settings.c:529  _al_score_display_settings       [   0.17647] Score is : 897
display  D   display_settings.c:214  debug_display_settings           [   0.17654] color: 16 (rgba 5650), depth: 0, stencil: 0, acc: 0000, samples: 2/1
display  D   display_settings.c:529  _al_score_display_settings       [   0.17661] Score is : 726
display  D   display_settings.c:214  debug_display_settings           [   0.17669] color: 16 (rgba 5650), depth: 0, stencil: 0, acc: 0000, samples: 3/1
display  D   display_settings.c:529  _al_score_display_settings       [   0.17677] Score is : 721
display  D   display_settings.c:214  debug_display_settings           [   0.17685] color: 16 (rgba 5650), depth: 0, stencil: 0, acc: 0000, samples: 4/1
display  D   display_settings.c:529  _al_score_display_settings       [   0.17694] Score is : 717
display  D   display_settings.c:214  debug_display_settings           [   0.17703] color: 16 (rgba 5650), depth: 24, stencil: 8, acc: 0000, samples: 0/0
display  D   display_settings.c:529  _al_score_display_settings       [   0.17710] Score is : 897
display  D   display_settings.c:214  debug_display_settings           [   0.17717] color: 16 (rgba 5650), depth: 24, stencil: 8, acc: 0000, samples: 0/0
display  D   display_settings.c:529  _al_score_display_settings       [   0.17733] Score is : 897
display  D   display_settings.c:214  debug_display_settings           [   0.17744] color: 16 (rgba 5650), depth: 24, stencil: 8, acc: 0000, samples: 2/1
display  D   display_settings.c:529  _al_score_display_settings       [   0.17755] Score is : 726
display  D   display_settings.c:214  debug_display_settings           [   0.17764] color: 16 (rgba 5650), depth: 24, stencil: 8, acc: 0000, samples: 3/1
display  D   display_settings.c:529  _al_score_display_settings       [   0.17774] Score is : 721
display  D   display_settings.c:214  debug_display_settings           [   0.17782] color: 16 (rgba 5650), depth: 24, stencil: 8, acc: 0000, samples: 4/1
display  D   display_settings.c:529  _al_score_display_settings       [   0.17790] Score is : 717
display  D   display_settings.c:214  debug_display_settings           [   0.17802] color: 16 (rgba 5650), depth: 24, stencil: 0, acc: 0000, samples: 0/0
display  D   display_settings.c:529  _al_score_display_settings       [   0.17811] Score is : 897
display  D   display_settings.c:214  debug_display_settings           [   0.17821] color: 16 (rgba 5650), depth: 24, stencil: 0, acc: 0000, samples: 0/0
display  D   display_settings.c:529  _al_score_display_settings       [   0.17830] Score is : 897
display  D   display_settings.c:214  debug_display_settings           [   0.17838] color: 16 (rgba 5650), depth: 24, stencil: 0, acc: 0000, samples: 2/1
display  D   display_settings.c:529  _al_score_display_settings       [   0.17847] Score is : 726
display  D   display_settings.c:214  debug_display_settings           [   0.17859] color: 16 (rgba 5650), depth: 24, stencil: 0, acc: 0000, samples: 3/1
display  D   display_settings.c:529  _al_score_display_settings       [   0.17867] Score is : 721
display  D   display_settings.c:214  debug_display_settings           [   0.17876] color: 16 (rgba 5650), depth: 24, stencil: 0, acc: 0000, samples: 4/1
display  D   display_settings.c:529  _al_score_display_settings       [   0.17885] Score is : 717
display  D   display_settings.c:214  debug_display_settings           [   0.17894] color: 16 (rgba 5650), depth: 16, stencil: 0, acc: 0000, samples: 0/0
display  D   display_settings.c:529  _al_score_display_settings       [   0.17903] Score is : 897
display  D   display_settings.c:214  debug_display_settings           [   0.17910] color: 16 (rgba 5650), depth: 16, stencil: 0, acc: 0000, samples: 0/0
display  D   display_settings.c:529  _al_score_display_settings       [   0.17918] Score is : 897
display  D   display_settings.c:214  debug_display_settings           [   0.17926] color: 16 (rgba 5650), depth: 16, stencil: 0, acc: 0000, samples: 2/1
display  D   display_settings.c:529  _al_score_display_settings       [   0.17935] Score is : 726
display  D   display_settings.c:214  debug_display_settings           [   0.17943] color: 16 (rgba 5650), depth: 16, stencil: 0, acc: 0000, samples: 3/1
display  D   display_settings.c:529  _al_score_display_settings       [   0.17955] Score is : 721
display  D   display_settings.c:214  debug_display_settings           [   0.17963] color: 16 (rgba 5650), depth: 16, stencil: 0, acc: 0000, samples: 4/1
display  D   display_settings.c:529  _al_score_display_settings       [   0.17972] Score is : 717
display  D   display_settings.c:214  debug_display_settings           [   0.17980] color: 32 (rgba 8880), depth: 0, stencil: 0, acc: 0000, samples: 0/0
display  D   display_settings.c:400  _al_score_display_settings       [   0.17990] Single Buffer requirement not met.
display  D   display_settings.c:214  debug_display_settings           [   0.17997] color: 32 (rgba 8880), depth: 0, stencil: 0, acc: 0000, samples: 0/0
display  D   display_settings.c:400  _al_score_display_settings       [   0.18005] Single Buffer requirement not met.
display  D   display_settings.c:214  debug_display_settings           [   0.18013] color: 32 (rgba 8880), depth: 0, stencil: 0, acc: 0000, samples: 2/1
display  D   display_settings.c:400  _al_score_display_settings       [   0.18021] Single Buffer requirement not met.
display  D   display_settings.c:214  debug_display_settings           [   0.18042] color: 32 (rgba 8880), depth: 0, stencil: 0, acc: 0000, samples: 3/1
display  D   display_settings.c:400  _al_score_display_settings       [   0.18050] Single Buffer requirement not met.
display  D   display_settings.c:214  debug_display_settings           [   0.18057] color: 32 (rgba 8880), depth: 0, stencil: 0, acc: 0000, samples: 4/1
display  D   display_settings.c:400  _al_score_display_settings       [   0.18068] Single Buffer requirement not met.
display  D   display_settings.c:214  debug_display_settings           [   0.18077] color: 32 (rgba 8880), depth: 24, stencil: 8, acc: 0000, samples: 0/0
display  D   display_settings.c:400  _al_score_display_settings       [   0.18085] Single Buffer requirement not met.
display  D   display_settings.c:214  debug_display_settings           [   0.18092] color: 32 (rgba 8880), depth: 24, stencil: 8, acc: 0000, samples: 0/0
display  D   display_settings.c:400  _al_score_display_settings       [   0.18100] Single Buffer requirement not met.
display  D   display_settings.c:214  debug_display_settings           [   0.18108] color: 32 (rgba 8880), depth: 24, stencil: 8, acc: 0000, samples: 2/1
display  D   display_settings.c:400  _al_score_display_settings       [   0.18116] Single Buffer requirement not met.
display  D   display_settings.c:214  debug_display_settings           [   0.18129] color: 32 (rgba 8880), depth: 24, stencil: 8, acc: 0000, samples: 3/1
display  D   display_settings.c:400  _al_score_display_settings       [   0.18138] Single Buffer requirement not met.
display  D   display_settings.c:214  debug_display_settings           [   0.18147] color: 32 (rgba 8880), depth: 24, stencil: 8, acc: 0000, samples: 4/1
display  D   display_settings.c:400  _al_score_display_settings       [   0.18157] Single Buffer requirement not met.
display  D   display_settings.c:214  debug_display_settings           [   0.18166] color: 32 (rgba 8880), depth: 24, stencil: 0, acc: 0000, samples: 0/0
display  D   display_settings.c:400  _al_score_display_settings       [   0.18176] Single Buffer requirement not met.
display  D   display_settings.c:214  debug_display_settings           [   0.18185] color: 32 (rgba 8880), depth: 24, stencil: 0, acc: 0000, samples: 0/0
display  D   display_settings.c:400  _al_score_display_settings       [   0.18193] Single Buffer requirement not met.
display  D   display_settings.c:214  debug_display_settings           [   0.18200] color: 32 (rgba 8880), depth: 24, stencil: 0, acc: 0000, samples: 2/1
display  D   display_settings.c:400  _al_score_display_settings       [   0.18210] Single Buffer requirement not met.
display  D   display_settings.c:214  debug_display_settings           [   0.18219] color: 32 (rgba 8880), depth: 24, stencil: 0, acc: 0000, samples: 3/1
display  D   display_settings.c:400  _al_score_display_settings       [   0.18230] Single Buffer requirement not met.
display  D   display_settings.c:214  debug_display_settings           [   0.18239] color: 32 (rgba 8880), depth: 24, stencil: 0, acc: 0000, samples: 4/1
display  D   display_settings.c:400  _al_score_display_settings       [   0.18248] Single Buffer requirement not met.
display  D   display_settings.c:214  debug_display_settings           [   0.18257] color: 32 (rgba 8880), depth: 16, stencil: 0, acc: 0000, samples: 0/0
display  D   display_settings.c:400  _al_score_display_settings       [   0.18266] Single Buffer requirement not met.
display  D   display_settings.c:214  debug_display_settings           [   0.18276] color: 32 (rgba 8880), depth: 16, stencil: 0, acc: 0000, samples: 0/0
display  D   display_settings.c:400  _al_score_display_settings       [   0.18284] Single Buffer requirement not met.
display  D   display_settings.c:214  debug_display_settings           [   0.18292] color: 32 (rgba 8880), depth: 16, stencil: 0, acc: 0000, samples: 2/1
display  D   display_settings.c:400  _al_score_display_settings       [   0.18304] Single Buffer requirement not met.
display  D   display_settings.c:214  debug_display_settings           [   0.18313] color: 32 (rgba 8880), depth: 16, stencil: 0, acc: 0000, samples: 3/1
display  D   display_settings.c:400  _al_score_display_settings       [   0.18322] Single Buffer requirement not met.
display  D   display_settings.c:214  debug_display_settings           [   0.18330] color: 32 (rgba 8880), depth: 16, stencil: 0, acc: 0000, samples: 4/1
display  D   display_settings.c:400  _al_score_display_settings       [   0.18337] Single Buffer requirement not met.
display  D   display_settings.c:214  debug_display_settings           [   0.18345] color: 16 (rgba 5650), depth: 0, stencil: 0, acc: 0000, samples: 0/0
display  D   display_settings.c:400  _al_score_display_settings       [   0.18354] Single Buffer requirement not met.
display  D   display_settings.c:214  debug_display_settings           [   0.18363] color: 16 (rgba 5650), depth: 0, stencil: 0, acc: 0000, samples: 0/0
display  D   display_settings.c:400  _al_score_display_settings       [   0.18372] Single Buffer requirement not met.
display  D   display_settings.c:214  debug_display_settings           [   0.18379] color: 16 (rgba 5650), depth: 0, stencil: 0, acc: 0000, samples: 2/1
display  D   display_settings.c:400  _al_score_display_settings       [   0.18387] Single Buffer requirement not met.
display  D   display_settings.c:214  debug_display_settings           [   0.18395] color: 16 (rgba 5650), depth: 0, stencil: 0, acc: 0000, samples: 3/1
display  D   display_settings.c:400  _al_score_display_settings       [   0.18403] Single Buffer requirement not met.
display  D   display_settings.c:214  debug_display_settings           [   0.18412] color: 16 (rgba 5650), depth: 0, stencil: 0, acc: 0000, samples: 4/1
display  D   display_settings.c:400  _al_score_display_settings       [   0.18419] Single Buffer requirement not met.
display  D   display_settings.c:214  debug_display_settings           [   0.18430] color: 16 (rgba 5650), depth: 24, stencil: 8, acc: 0000, samples: 0/0
display  D   display_settings.c:400  _al_score_display_settings       [   0.18440] Single Buffer requirement not met.
display  D   display_settings.c:214  debug_display_settings           [   0.18450] color: 16 (rgba 5650), depth: 24, stencil: 8, acc: 0000, samples: 0/0
display  D   display_settings.c:400  _al_score_display_settings       [   0.18461] Single Buffer requirement not met.
display  D   display_settings.c:214  debug_display_settings           [   0.18469] color: 16 (rgba 5650), depth: 24, stencil: 8, acc: 0000, samples: 2/1
display  D   display_settings.c:400  _al_score_display_settings       [   0.18479] Single Buffer requirement not met.
display  D   display_settings.c:214  debug_display_settings           [   0.18486] color: 16 (rgba 5650), depth: 24, stencil: 8, acc: 0000, samples: 3/1
display  D   display_settings.c:400  _al_score_display_settings       [   0.18496] Single Buffer requirement not met.
display  D   display_settings.c:214  debug_display_settings           [   0.18505] color: 16 (rgba 5650), depth: 24, stencil: 8, acc: 0000, samples: 4/1
display  D   display_settings.c:400  _al_score_display_settings       [   0.18515] Single Buffer requirement not met.
display  D   display_settings.c:214  debug_display_settings           [   0.18530] color: 16 (rgba 5650), depth: 24, stencil: 0, acc: 0000, samples: 0/0
display  D   display_settings.c:400  _al_score_display_settings       [   0.18540] Single Buffer requirement not met.
display  D   display_settings.c:214  debug_display_settings           [   0.18550] color: 16 (rgba 5650), depth: 24, stencil: 0, acc: 0000, samples: 0/0
display  D   display_settings.c:400  _al_score_display_settings       [   0.18562] Single Buffer requirement not met.
display  D   display_settings.c:214  debug_display_settings           [   0.18572] color: 16 (rgba 5650), depth: 24, stencil: 0, acc: 0000, samples: 2/1
display  D   display_settings.c:400  _al_score_display_settings       [   0.18583] Single Buffer requirement not met.
display  D   display_settings.c:214  debug_display_settings           [   0.18593] color: 16 (rgba 5650), depth: 24, stencil: 0, acc: 0000, samples: 3/1
display  D   display_settings.c:400  _al_score_display_settings       [   0.18602] Single Buffer requirement not met.
display  D   display_settings.c:214  debug_display_settings           [   0.18609] color: 16 (rgba 5650), depth: 24, stencil: 0, acc: 0000, samples: 4/1
display  D   display_settings.c:400  _al_score_display_settings       [   0.18619] Single Buffer requirement not met.
display  D   display_settings.c:214  debug_display_settings           [   0.18628] color: 16 (rgba 5650), depth: 16, stencil: 0, acc: 0000, samples: 0/0
display  D   display_settings.c:400  _al_score_display_settings       [   0.18636] Single Buffer requirement not met.
display  D   display_settings.c:214  debug_display_settings           [   0.18645] color: 16 (rgba 5650), depth: 16, stencil: 0, acc: 0000, samples: 0/0
display  D   display_settings.c:400  _al_score_display_settings       [   0.18655] Single Buffer requirement not met.
display  D   display_settings.c:214  debug_display_settings           [   0.18664] color: 16 (rgba 5650), depth: 16, stencil: 0, acc: 0000, samples: 2/1
display  D   display_settings.c:400  _al_score_display_settings       [   0.18674] Single Buffer requirement not met.
display  D   display_settings.c:214  debug_display_settings           [   0.18684] color: 16 (rgba 5650), depth: 16, stencil: 0, acc: 0000, samples: 3/1
display  D   display_settings.c:400  _al_score_display_settings       [   0.18693] Single Buffer requirement not met.
display  D   display_settings.c:214  debug_display_settings           [   0.18701] color: 16 (rgba 5650), depth: 16, stencil: 0, acc: 0000, samples: 4/1
display  D   display_settings.c:400  _al_score_display_settings       [   0.18709] Single Buffer requirement not met.
display  D   display_settings.c:214  debug_display_settings           [   0.18717] color: 32 (rgba 8880), depth: 0, stencil: 0, acc: 0000, samples: 0/0
display  D   display_settings.c:529  _al_score_display_settings       [   0.18731] Score is : 769
display  D   display_settings.c:214  debug_display_settings           [   0.18741] color: 32 (rgba 8880), depth: 0, stencil: 0, acc: 0000, samples: 0/0
display  D   display_settings.c:529  _al_score_display_settings       [   0.18751] Score is : 769
display  D   display_settings.c:214  debug_display_settings           [   0.18759] color: 32 (rgba 8880), depth: 0, stencil: 0, acc: 0000, samples: 2/1
display  D   display_settings.c:529  _al_score_display_settings       [   0.18770] Score is : 598
display  D   display_settings.c:214  debug_display_settings           [   0.18779] color: 32 (rgba 8880), depth: 0, stencil: 0, acc: 0000, samples: 3/1
display  D   display_settings.c:529  _al_score_display_settings       [   0.18786] Score is : 593
display  D   display_settings.c:214  debug_display_settings           [   0.18795] color: 32 (rgba 8880), depth: 0, stencil: 0, acc: 0000, samples: 4/1
display  D   display_settings.c:529  _al_score_display_settings       [   0.18805] Score is : 589
display  D   display_settings.c:214  debug_display_settings           [   0.18813] color: 32 (rgba 8880), depth: 24, stencil: 8, acc: 0000, samples: 0/0
display  D   display_settings.c:529  _al_score_display_settings       [   0.18823] Score is : 769
display  D   display_settings.c:214  debug_display_settings           [   0.18831] color: 32 (rgba 8880), depth: 24, stencil: 8, acc: 0000, samples: 0/0
display  D   display_settings.c:529  _al_score_display_settings       [   0.18841] Score is : 769
display  D   display_settings.c:214  debug_display_settings           [   0.18849] color: 32 (rgba 8880), depth: 24, stencil: 8, acc: 0000, samples: 2/1
display  D   display_settings.c:529  _al_score_display_settings       [   0.18858] Score is : 598
display  D   display_settings.c:214  debug_display_settings           [   0.18866] color: 32 (rgba 8880), depth: 24, stencil: 8, acc: 0000, samples: 3/1
display  D   display_settings.c:529  _al_score_display_settings       [   0.18875] Score is : 593
display  D   display_settings.c:214  debug_display_settings           [   0.18883] color: 32 (rgba 8880), depth: 24, stencil: 8, acc: 0000, samples: 4/1
display  D   display_settings.c:529  _al_score_display_settings       [   0.18892] Score is : 589
display  D   display_settings.c:214  debug_display_settings           [   0.18901] color: 32 (rgba 8880), depth: 24, stencil: 0, acc: 0000, samples: 0/0
display  D   display_settings.c:529  _al_score_display_settings       [   0.18910] Score is : 769
display  D   display_settings.c:214  debug_display_settings           [   0.18919] color: 32 (rgba 8880), depth: 24, stencil: 0, acc: 0000, samples: 0/0
display  D   display_settings.c:529  _al_score_display_settings       [   0.18929] Score is : 769
display  D   display_settings.c:214  debug_display_settings           [   0.18936] color: 32 (rgba 8880), depth: 24, stencil: 0, acc: 0000, samples: 2/1
display  D   display_settings.c:529  _al_score_display_settings       [   0.18945] Score is : 598
display  D   display_settings.c:214  debug_display_settings           [   0.18953] color: 32 (rgba 8880), depth: 24, stencil: 0, acc: 0000, samples: 3/1
display  D   display_settings.c:529  _al_score_display_settings       [   0.18962] Score is : 593
display  D   display_settings.c:214  debug_display_settings           [   0.18970] color: 32 (rgba 8880), depth: 24, stencil: 0, acc: 0000, samples: 4/1
display  D   display_settings.c:529  _al_score_display_settings       [   0.18978] Score is : 589
display  D   display_settings.c:214  debug_display_settings           [   0.18985] color: 32 (rgba 8880), depth: 16, stencil: 0, acc: 0000, samples: 0/0
display  D   display_settings.c:529  _al_score_display_settings       [   0.18995] Score is : 769
display  D   display_settings.c:214  debug_display_settings           [   0.19004] color: 32 (rgba 8880), depth: 16, stencil: 0, acc: 0000, samples: 0/0
display  D   display_settings.c:529  _al_score_display_settings       [   0.19012] Score is : 769
display  D   display_settings.c:214  debug_display_settings           [   0.19020] color: 32 (rgba 8880), depth: 16, stencil: 0, acc: 0000, samples: 2/1
display  D   display_settings.c:529  _al_score_display_settings       [   0.19029] Score is : 598
display  D   display_settings.c:214  debug_display_settings           [   0.19038] color: 32 (rgba 8880), depth: 16, stencil: 0, acc: 0000, samples: 3/1
display  D   display_settings.c:529  _al_score_display_settings       [   0.19048] Score is : 593
display  D   display_settings.c:214  debug_display_settings           [   0.19056] color: 32 (rgba 8880), depth: 16, stencil: 0, acc: 0000, samples: 4/1
display  D   display_settings.c:529  _al_score_display_settings       [   0.19065] Score is : 589
display  D   display_settings.c:214  debug_display_settings           [   0.19072] color: 16 (rgba 5650), depth: 0, stencil: 0, acc: 0000, samples: 0/0
display  D   display_settings.c:529  _al_score_display_settings       [   0.19079] Score is : 769
display  D   display_settings.c:214  debug_display_settings           [   0.19087] color: 16 (rgba 5650), depth: 0, stencil: 0, acc: 0000, samples: 0/0
display  D   display_settings.c:529  _al_score_display_settings       [   0.19096] Score is : 769
display  D   display_settings.c:214  debug_display_settings           [   0.19104] color: 16 (rgba 5650), depth: 0, stencil: 0, acc: 0000, samples: 2/1
display  D   display_settings.c:529  _al_score_display_settings       [   0.19113] Score is : 598
display  D   display_settings.c:214  debug_display_settings           [   0.19122] color: 16 (rgba 5650), depth: 0, stencil: 0, acc: 0000, samples: 3/1
display  D   display_settings.c:529  _al_score_display_settings       [   0.19135] Score is : 593
display  D   display_settings.c:214  debug_display_settings           [   0.19146] color: 16 (rgba 5650), depth: 0, stencil: 0, acc: 0000, samples: 4/1
display  D   display_settings.c:529  _al_score_display_settings       [   0.19157] Score is : 589
display  D   display_settings.c:214  debug_display_settings           [   0.19166] color: 16 (rgba 5650), depth: 24, stencil: 8, acc: 0000, samples: 0/0
display  D   display_settings.c:529  _al_score_display_settings       [   0.19180] Score is : 769
display  D   display_settings.c:214  debug_display_settings           [   0.19190] color: 16 (rgba 5650), depth: 24, stencil: 8, acc: 0000, samples: 0/0
display  D   display_settings.c:529  _al_score_display_settings       [   0.19201] Score is : 769
display  D   display_settings.c:214  debug_display_settings           [   0.19210] color: 16 (rgba 5650), depth: 24, stencil: 8, acc: 0000, samples: 2/1
display  D   display_settings.c:529  _al_score_display_settings       [   0.19219] Score is : 598
display  D   display_settings.c:214  debug_display_settings           [   0.19231] color: 16 (rgba 5650), depth: 24, stencil: 8, acc: 0000, samples: 3/1
display  D   display_settings.c:529  _al_score_display_settings       [   0.19241] Score is : 593
display  D   display_settings.c:214  debug_display_settings           [   0.19249] color: 16 (rgba 5650), depth: 24, stencil: 8, acc: 0000, samples: 4/1
display  D   display_settings.c:529  _al_score_display_settings       [   0.19256] Score is : 589
display  D   display_settings.c:214  debug_display_settings           [   0.19265] color: 16 (rgba 5650), depth: 24, stencil: 0, acc: 0000, samples: 0/0
display  D   display_settings.c:529  _al_score_display_settings       [   0.19278] Score is : 769
display  D   display_settings.c:214  debug_display_settings           [   0.19288] color: 16 (rgba 5650), depth: 24, stencil: 0, acc: 0000, samples: 0/0
display  D   display_settings.c:529  _al_score_display_settings       [   0.19297] Score is : 769
display  D   display_settings.c:214  debug_display_settings           [   0.19305] color: 16 (rgba 5650), depth: 24, stencil: 0, acc: 0000, samples: 2/1
display  D   display_settings.c:529  _al_score_display_settings       [   0.19314] Score is : 598
display  D   display_settings.c:214  debug_display_settings           [   0.19322] color: 16 (rgba 5650), depth: 24, stencil: 0, acc: 0000, samples: 3/1
display  D   display_settings.c:529  _al_score_display_settings       [   0.19331] Score is : 593
display  D   display_settings.c:214  debug_display_settings           [   0.19340] color: 16 (rgba 5650), depth: 24, stencil: 0, acc: 0000, samples: 4/1
display  D   display_settings.c:529  _al_score_display_settings       [   0.19349] Score is : 589
display  D   display_settings.c:214  debug_display_settings           [   0.19357] color: 16 (rgba 5650), depth: 16, stencil: 0, acc: 0000, samples: 0/0
display  D   display_settings.c:529  _al_score_display_settings       [   0.19364] Score is : 769
display  D   display_settings.c:214  debug_display_settings           [   0.19371] color: 16 (rgba 5650), depth: 16, stencil: 0, acc: 0000, samples: 0/0
display  D   display_settings.c:529  _al_score_display_settings       [   0.19379] Score is : 769
display  D   display_settings.c:214  debug_display_settings           [   0.19385] color: 16 (rgba 5650), depth: 16, stencil: 0, acc: 0000, samples: 2/1
display  D   display_settings.c:529  _al_score_display_settings       [   0.19394] Score is : 598
display  D   display_settings.c:214  debug_display_settings           [   0.19402] color: 16 (rgba 5650), depth: 16, stencil: 0, acc: 0000, samples: 3/1
display  D   display_settings.c:529  _al_score_display_settings       [   0.19410] Score is : 593
display  D   display_settings.c:214  debug_display_settings           [   0.19416] color: 16 (rgba 5650), depth: 16, stencil: 0, acc: 0000, samples: 4/1
display  D   display_settings.c:529  _al_score_display_settings       [   0.19424] Score is : 589
display  D   display_settings.c:214  debug_display_settings           [   0.19430] color: 32 (rgba 8880), depth: 0, stencil: 0, acc: 0000, samples: 0/0
display  D   display_settings.c:400  _al_score_display_settings       [   0.19443] Single Buffer requirement not met.
display  D   display_settings.c:214  debug_display_settings           [   0.19450] color: 32 (rgba 8880), depth: 0, stencil: 0, acc: 0000, samples: 0/0
display  D   display_settings.c:400  _al_score_display_settings       [   0.19457] Single Buffer requirement not met.
display  D   display_settings.c:214  debug_display_settings           [   0.19464] color: 32 (rgba 8880), depth: 0, stencil: 0, acc: 0000, samples: 2/1
display  D   display_settings.c:400  _al_score_display_settings       [   0.19471] Single Buffer requirement not met.
display  D   display_settings.c:214  debug_display_settings           [   0.19481] color: 32 (rgba 8880), depth: 0, stencil: 0, acc: 0000, samples: 3/1
display  D   display_settings.c:400  _al_score_display_settings       [   0.19490] Single Buffer requirement not met.
display  D   display_settings.c:214  debug_display_settings           [   0.19497] color: 32 (rgba 8880), depth: 0, stencil: 0, acc: 0000, samples: 4/1
display  D   display_settings.c:400  _al_score_display_settings       [   0.19505] Single Buffer requirement not met.
display  D   display_settings.c:214  debug_display_settings           [   0.19512] color: 32 (rgba 8880), depth: 24, stencil: 8, acc: 0000, samples: 0/0
display  D   display_settings.c:400  _al_score_display_settings       [   0.19520] Single Buffer requirement not met.
display  D   display_settings.c:214  debug_display_settings           [   0.19530] color: 32 (rgba 8880), depth: 24, stencil: 8, acc: 0000, samples: 0/0
display  D   display_settings.c:400  _al_score_display_settings       [   0.19539] Single Buffer requirement not met.
display  D   display_settings.c:214  debug_display_settings           [   0.19545] color: 32 (rgba 8880), depth: 24, stencil: 8, acc: 0000, samples: 2/1
display  D   display_settings.c:400  _al_score_display_settings       [   0.19552] Single Buffer requirement not met.
display  D   display_settings.c:214  debug_display_settings           [   0.19560] color: 32 (rgba 8880), depth: 24, stencil: 8, acc: 0000, samples: 3/1
display  D   display_settings.c:400  _al_score_display_settings       [   0.19569] Single Buffer requirement not met.
display  D   display_settings.c:214  debug_display_settings           [   0.19577] color: 32 (rgba 8880), depth: 24, stencil: 8, acc: 0000, samples: 4/1
display  D   display_settings.c:400  _al_score_display_settings       [   0.19586] Single Buffer requirement not met.
display  D   display_settings.c:214  debug_display_settings           [   0.19592] color: 32 (rgba 8880), depth: 24, stencil: 0, acc: 0000, samples: 0/0
display  D   display_settings.c:400  _al_score_display_settings       [   0.19598] Single Buffer requirement not met.
display  D   display_settings.c:214  debug_display_settings           [   0.19605] color: 32 (rgba 8880), depth: 24, stencil: 0, acc: 0000, samples: 0/0
display  D   display_settings.c:400  _al_score_display_settings       [   0.19612] Single Buffer requirement not met.
display  D   display_settings.c:214  debug_display_settings           [   0.19618] color: 32 (rgba 8880), depth: 24, stencil: 0, acc: 0000, samples: 2/1
display  D   display_settings.c:400  _al_score_display_settings       [   0.19624] Single Buffer requirement not met.
display  D   display_settings.c:214  debug_display_settings           [   0.19634] color: 32 (rgba 8880), depth: 24, stencil: 0, acc: 0000, samples: 3/1
display  D   display_settings.c:400  _al_score_display_settings       [   0.19641] Single Buffer requirement not met.
display  D   display_settings.c:214  debug_display_settings           [   0.19648] color: 32 (rgba 8880), depth: 24, stencil: 0, acc: 0000, samples: 4/1
display  D   display_settings.c:400  _al_score_display_settings       [   0.19654] Single Buffer requirement not met.
display  D   display_settings.c:214  debug_display_settings           [   0.19661] color: 32 (rgba 8880), depth: 16, stencil: 0, acc: 0000, samples: 0/0
display  D   display_settings.c:400  _al_score_display_settings       [   0.19670] Single Buffer requirement not met.
display  D   display_settings.c:214  debug_display_settings           [   0.19678] color: 32 (rgba 8880), depth: 16, stencil: 0, acc: 0000, samples: 0/0
display  D   display_settings.c:400  _al_score_display_settings       [   0.19687] Single Buffer requirement not met.
display  D   display_settings.c:214  debug_display_settings           [   0.19695] color: 32 (rgba 8880), depth: 16, stencil: 0, acc: 0000, samples: 2/1
display  D   display_settings.c:400  _al_score_display_settings       [   0.19703] Single Buffer requirement not met.
display  D   display_settings.c:214  debug_display_settings           [   0.19709] color: 32 (rgba 8880), depth: 16, stencil: 0, acc: 0000, samples: 3/1
display  D   display_settings.c:400  _al_score_display_settings       [   0.19717] Single Buffer requirement not met.
display  D   display_settings.c:214  debug_display_settings           [   0.19729] color: 32 (rgba 8880), depth: 16, stencil: 0, acc: 0000, samples: 4/1
display  D   display_settings.c:400  _al_score_display_settings       [   0.19738] Single Buffer requirement not met.
display  D   display_settings.c:214  debug_display_settings           [   0.19748] color: 16 (rgba 5650), depth: 0, stencil: 0, acc: 0000, samples: 0/0
display  D   display_settings.c:400  _al_score_display_settings       [   0.19758] Single Buffer requirement not met.
display  D   display_settings.c:214  debug_display_settings           [   0.19767] color: 16 (rgba 5650), depth: 0, stencil: 0, acc: 0000, samples: 0/0
display  D   display_settings.c:400  _al_score_display_settings       [   0.19774] Single Buffer requirement not met.
display  D   display_settings.c:214  debug_display_settings           [   0.19782] color: 16 (rgba 5650), depth: 0, stencil: 0, acc: 0000, samples: 2/1
display  D   display_settings.c:400  _al_score_display_settings       [   0.19790] Single Buffer requirement not met.
display  D   display_settings.c:214  debug_display_settings           [   0.19798] color: 16 (rgba 5650), depth: 0, stencil: 0, acc: 0000, samples: 3/1
display  D   display_settings.c:400  _al_score_display_settings       [   0.19806] Single Buffer requirement not met.
display  D   display_settings.c:214  debug_display_settings           [   0.19814] color: 16 (rgba 5650), depth: 0, stencil: 0, acc: 0000, samples: 4/1
display  D   display_settings.c:400  _al_score_display_settings       [   0.19824] Single Buffer requirement not met.
display  D   display_settings.c:214  debug_display_settings           [   0.19834] color: 16 (rgba 5650), depth: 24, stencil: 8, acc: 0000, samples: 0/0
display  D   display_settings.c:400  _al_score_display_settings       [   0.19845] Single Buffer requirement not met.
display  D   display_settings.c:214  debug_display_settings           [   0.19857] color: 16 (rgba 5650), depth: 24, stencil: 8, acc: 0000, samples: 0/0
display  D   display_settings.c:400  _al_score_display_settings       [   0.19868] Single Buffer requirement not met.
display  D   display_settings.c:214  debug_display_settings           [   0.19879] color: 16 (rgba 5650), depth: 24, stencil: 8, acc: 0000, samples: 2/1
display  D   display_settings.c:400  _al_score_display_settings       [   0.19889] Single Buffer requirement not met.
display  D   display_settings.c:214  debug_display_settings           [   0.19898] color: 16 (rgba 5650), depth: 24, stencil: 8, acc: 0000, samples: 3/1
display  D   display_settings.c:400  _al_score_display_settings       [   0.19906] Single Buffer requirement not met.
display  D   display_settings.c:214  debug_display_settings           [   0.19914] color: 16 (rgba 5650), depth: 24, stencil: 8, acc: 0000, samples: 4/1
display  D   display_settings.c:400  _al_score_display_settings       [   0.19921] Single Buffer requirement not met.
display  D   display_settings.c:214  debug_display_settings           [   0.19934] color: 16 (rgba 5650), depth: 24, stencil: 0, acc: 0000, samples: 0/0
display  D   display_settings.c:400  _al_score_display_settings       [   0.19945] Single Buffer requirement not met.
display  D   display_settings.c:214  debug_display_settings           [   0.19954] color: 16 (rgba 5650), depth: 24, stencil: 0, acc: 0000, samples: 0/0
display  D   display_settings.c:400  _al_score_display_settings       [   0.19963] Single Buffer requirement not met.
display  D   display_settings.c:214  debug_display_settings           [   0.19972] color: 16 (rgba 5650), depth: 24, stencil: 0, acc: 0000, samples: 2/1
display  D   display_settings.c:400  _al_score_display_settings       [   0.19981] Single Buffer requirement not met.
display  D   display_settings.c:214  debug_display_settings           [   0.19988] color: 16 (rgba 5650), depth: 24, stencil: 0, acc: 0000, samples: 3/1
display  D   display_settings.c:400  _al_score_display_settings       [   0.19997] Single Buffer requirement not met.
display  D   display_settings.c:214  debug_display_settings           [   0.20003] color: 16 (rgba 5650), depth: 24, stencil: 0, acc: 0000, samples: 4/1
display  D   display_settings.c:400  _al_score_display_settings       [   0.20010] Single Buffer requirement not met.
display  D   display_settings.c:214  debug_display_settings           [   0.20018] color: 16 (rgba 5650), depth: 16, stencil: 0, acc: 0000, samples: 0/0
display  D   display_settings.c:400  _al_score_display_settings       [   0.20024] Single Buffer requirement not met.
display  D   display_settings.c:214  debug_display_settings           [   0.20032] color: 16 (rgba 5650), depth: 16, stencil: 0, acc: 0000, samples: 0/0
display  D   display_settings.c:400  _al_score_display_settings       [   0.20039] Single Buffer requirement not met.
display  D   display_settings.c:214  debug_display_settings           [   0.20047] color: 16 (rgba 5650), depth: 16, stencil: 0, acc: 0000, samples: 2/1
display  D   display_settings.c:400  _al_score_display_settings       [   0.20053] Single Buffer requirement not met.
display  D   display_settings.c:214  debug_display_settings           [   0.20060] color: 16 (rgba 5650), depth: 16, stencil: 0, acc: 0000, samples: 3/1
display  D   display_settings.c:400  _al_score_display_settings       [   0.20070] Single Buffer requirement not met.
display  D   display_settings.c:214  debug_display_settings           [   0.20078] color: 16 (rgba 5650), depth: 16, stencil: 0, acc: 0000, samples: 4/1
display  D   display_settings.c:400  _al_score_display_settings       [   0.20087] Single Buffer requirement not met.
d3d      D         d3d_disp.cpp:1677 d3d_create_display_internals     [   0.20098] Trying format 0.
d3d      I         d3d_disp.cpp:1353 d3d_display_thread_proc          [   0.23328] Chose a display format: 23
d3d      I         d3d_disp.cpp:1422 d3d_display_thread_proc          [   0.23344] Normal window.
d3d      I         d3d_disp.cpp:786  d3d_create_device                [   0.32931] Using no depth stencil buffer
d3d      D         d3d_disp.cpp:848  d3d_create_device                [   0.45674] BeginScene succeeded in create_device
d3d      D         d3d_disp.cpp:856  d3d_create_device                [   0.45693] Success
d3d      D         d3d_disp.cpp:1703 d3d_create_display_internals     [   0.45708] Resumed after wait.
d3d      I         d3d_disp.cpp:1736 d3d_create_display_internals     [   0.45722] Format 0 succeeded.
d3d      D         d3d_disp.cpp:1767 d3d_create_display_internals     [   0.45733] Returning d3d_display: 0000027580510E00
d3d      D         d3d_disp.cpp:1792 d3d_create_display_locked        [   0.45742] al_display=0000027580510E00
d3d      D         d3d_disp.cpp:1793 d3d_create_display_locked        [   0.45750] al_display->vt=0000027580577580
d3d      I         d3d_disp.cpp:910  d3d_destroy_display              [   5.46902] destroying display 0000027580510E00 (current 0000000000000000)
d3d      D         d3d_disp.cpp:894  d3d_destroy_display_internals    [   5.47288] waiting for display 0000027580510E00's thread to end
d3d      W         d3d_disp.cpp:603  d3d_destroy_device               [   5.54939] d3d_destroy_device: ref count not 0
d3d      W         d3d_disp.cpp:603  d3d_destroy_device               [   5.54978] d3d_destroy_device: ref count not 0
d3d      I         d3d_disp.cpp:1557 d3d_display_thread_proc          [   5.56575] d3d display thread exits
