stdio    D         file_stdio.c:107  file_stdio_fopen                 [   0.00000] opening D:\Projects\MyOldProjects\BingoReboot\build\allegro5.cfg r
system   D            wsystem.c:891  _al_win_safe_load_library        [   0.00000] PathFindOnPath found: C:\WINDOWS\system32\shcore.dll
system   D            wsystem.c:797  load_library_at_path             [   0.00000] Calling LoadLibrary C:\WINDOWS\system32\shcore.dll
system   I            wsystem.c:800  load_library_at_path             [   0.00000] Loaded C:\WINDOWS\system32\shcore.dll
system   I             system.c:272  al_install_system                [   0.00000] Allegro version: 5.2.10
system   D            wsystem.c:891  _al_win_safe_load_library        [   0.00122] PathFindOnPath found: C:\WINDOWS\system32\d3d9.dll
system   D            wsystem.c:797  load_library_at_path             [   0.00207] Calling LoadLibrary C:\WINDOWS\system32\d3d9.dll
system   I            wsystem.c:800  load_library_at_path             [   0.00366] Loaded C:\WINDOWS\system32\d3d9.dll
d3d      I         d3d_disp.cpp:679  d3d_init_display                 [   0.12903] Render-to-texture: 1
d3d      I         d3d_disp.cpp:1780 d3d_create_display_locked        [   0.13026] faux_fullscreen=0
d3d      D         d3d_disp.cpp:1781 d3d_create_display_locked        [   0.13030] al_display=00000237DB692470
d3d      D         d3d_disp.cpp:1782 d3d_create_display_locked        [   0.13033] al_display->vt=00000237DB7AAA90
d3d      I d3d_display_formats.cpp:144  _al_d3d_generate_display_format_list [   0.13417] found 160 format combinations
display  D   display_settings.c:214  debug_display_settings           [   0.13434] color: 32 (rgba 8880), depth: 0, stencil: 0, acc: 0000, samples: 0/0
display  D   display_settings.c:529  _al_score_display_settings       [   0.13439] Score is : 897
display  D   display_settings.c:214  debug_display_settings           [   0.13441] color: 32 (rgba 8880), depth: 0, stencil: 0, acc: 0000, samples: 0/0
display  D   display_settings.c:529  _al_score_display_settings       [   0.13444] Score is : 897
display  D   display_settings.c:214  debug_display_settings           [   0.13446] color: 32 (rgba 8880), depth: 0, stencil: 0, acc: 0000, samples: 2/1
display  D   display_settings.c:529  _al_score_display_settings       [   0.13448] Score is : 726
display  D   display_settings.c:214  debug_display_settings           [   0.13449] color: 32 (rgba 8880), depth: 0, stencil: 0, acc: 0000, samples: 3/1
display  D   display_settings.c:529  _al_score_display_settings       [   0.13452] Score is : 721
display  D   display_settings.c:214  debug_display_settings           [   0.13454] color: 32 (rgba 8880), depth: 0, stencil: 0, acc: 0000, samples: 4/1
display  D   display_settings.c:529  _al_score_display_settings       [   0.13456] Score is : 717
display  D   display_settings.c:214  debug_display_settings           [   0.13457] color: 32 (rgba 8880), depth: 24, stencil: 8, acc: 0000, samples: 0/0
display  D   display_settings.c:529  _al_score_display_settings       [   0.13459] Score is : 897
display  D   display_settings.c:214  debug_display_settings           [   0.13461] color: 32 (rgba 8880), depth: 24, stencil: 8, acc: 0000, samples: 0/0
display  D   display_settings.c:529  _al_score_display_settings       [   0.13463] Score is : 897
display  D   display_settings.c:214  debug_display_settings           [   0.13465] color: 32 (rgba 8880), depth: 24, stencil: 8, acc: 0000, samples: 2/1
display  D   display_settings.c:529  _al_score_display_settings       [   0.13467] Score is : 726
display  D   display_settings.c:214  debug_display_settings           [   0.13468] color: 32 (rgba 8880), depth: 24, stencil: 8, acc: 0000, samples: 3/1
display  D   display_settings.c:529  _al_score_display_settings       [   0.13471] Score is : 721
display  D   display_settings.c:214  debug_display_settings           [   0.13472] color: 32 (rgba 8880), depth: 24, stencil: 8, acc: 0000, samples: 4/1
display  D   display_settings.c:529  _al_score_display_settings       [   0.13474] Score is : 717
display  D   display_settings.c:214  debug_display_settings           [   0.13482] color: 32 (rgba 8880), depth: 24, stencil: 0, acc: 0000, samples: 0/0
display  D   display_settings.c:529  _al_score_display_settings       [   0.13485] Score is : 897
display  D   display_settings.c:214  debug_display_settings           [   0.13487] color: 32 (rgba 8880), depth: 24, stencil: 0, acc: 0000, samples: 0/0
display  D   display_settings.c:529  _al_score_display_settings       [   0.13489] Score is : 897
display  D   display_settings.c:214  debug_display_settings           [   0.13491] color: 32 (rgba 8880), depth: 24, stencil: 0, acc: 0000, samples: 2/1
display  D   display_settings.c:529  _al_score_display_settings       [   0.13493] Score is : 726
display  D   display_settings.c:214  debug_display_settings           [   0.13494] color: 32 (rgba 8880), depth: 24, stencil: 0, acc: 0000, samples: 3/1
display  D   display_settings.c:529  _al_score_display_settings       [   0.13497] Score is : 721
display  D   display_settings.c:214  debug_display_settings           [   0.13498] color: 32 (rgba 8880), depth: 24, stencil: 0, acc: 0000, samples: 4/1
display  D   display_settings.c:529  _al_score_display_settings       [   0.13501] Score is : 717
display  D   display_settings.c:214  debug_display_settings           [   0.13502] color: 32 (rgba 8880), depth: 16, stencil: 0, acc: 0000, samples: 0/0
display  D   display_settings.c:529  _al_score_display_settings       [   0.13504] Score is : 897
display  D   display_settings.c:214  debug_display_settings           [   0.13506] color: 32 (rgba 8880), depth: 16, stencil: 0, acc: 0000, samples: 0/0
display  D   display_settings.c:529  _al_score_display_settings       [   0.13508] Score is : 897
display  D   display_settings.c:214  debug_display_settings           [   0.13510] color: 32 (rgba 8880), depth: 16, stencil: 0, acc: 0000, samples: 2/1
display  D   display_settings.c:529  _al_score_display_settings       [   0.13512] Score is : 726
display  D   display_settings.c:214  debug_display_settings           [   0.13514] color: 32 (rgba 8880), depth: 16, stencil: 0, acc: 0000, samples: 3/1
display  D   display_settings.c:529  _al_score_display_settings       [   0.13516] Score is : 721
display  D   display_settings.c:214  debug_display_settings           [   0.13517] color: 32 (rgba 8880), depth: 16, stencil: 0, acc: 0000, samples: 4/1
display  D   display_settings.c:529  _al_score_display_settings       [   0.13519] Score is : 717
display  D   display_settings.c:214  debug_display_settings           [   0.13521] color: 16 (rgba 5650), depth: 0, stencil: 0, acc: 0000, samples: 0/0
display  D   display_settings.c:529  _al_score_display_settings       [   0.13523] Score is : 897
display  D   display_settings.c:214  debug_display_settings           [   0.13525] color: 16 (rgba 5650), depth: 0, stencil: 0, acc: 0000, samples: 0/0
display  D   display_settings.c:529  _al_score_display_settings       [   0.13527] Score is : 897
display  D   display_settings.c:214  debug_display_settings           [   0.13529] color: 16 (rgba 5650), depth: 0, stencil: 0, acc: 0000, samples: 2/1
display  D   display_settings.c:529  _al_score_display_settings       [   0.13531] Score is : 726
display  D   display_settings.c:214  debug_display_settings           [   0.13532] color: 16 (rgba 5650), depth: 0, stencil: 0, acc: 0000, samples: 3/1
display  D   display_settings.c:529  _al_score_display_settings       [   0.13534] Score is : 721
display  D   display_settings.c:214  debug_display_settings           [   0.13536] color: 16 (rgba 5650), depth: 0, stencil: 0, acc: 0000, samples: 4/1
display  D   display_settings.c:529  _al_score_display_settings       [   0.13538] Score is : 717
display  D   display_settings.c:214  debug_display_settings           [   0.13540] color: 16 (rgba 5650), depth: 24, stencil: 8, acc: 0000, samples: 0/0
display  D   display_settings.c:529  _al_score_display_settings       [   0.13542] Score is : 897
display  D   display_settings.c:214  debug_display_settings           [   0.13544] color: 16 (rgba 5650), depth: 24, stencil: 8, acc: 0000, samples: 0/0
display  D   display_settings.c:529  _al_score_display_settings       [   0.13548] Score is : 897
display  D   display_settings.c:214  debug_display_settings           [   0.13550] color: 16 (rgba 5650), depth: 24, stencil: 8, acc: 0000, samples: 2/1
display  D   display_settings.c:529  _al_score_display_settings       [   0.13553] Score is : 726
display  D   display_settings.c:214  debug_display_settings           [   0.13554] color: 16 (rgba 5650), depth: 24, stencil: 8, acc: 0000, samples: 3/1
display  D   display_settings.c:529  _al_score_display_settings       [   0.13556] Score is : 721
display  D   display_settings.c:214  debug_display_settings           [   0.13558] color: 16 (rgba 5650), depth: 24, stencil: 8, acc: 0000, samples: 4/1
display  D   display_settings.c:529  _al_score_display_settings       [   0.13560] Score is : 717
display  D   display_settings.c:214  debug_display_settings           [   0.13562] color: 16 (rgba 5650), depth: 24, stencil: 0, acc: 0000, samples: 0/0
display  D   display_settings.c:529  _al_score_display_settings       [   0.13564] Score is : 897
display  D   display_settings.c:214  debug_display_settings           [   0.13565] color: 16 (rgba 5650), depth: 24, stencil: 0, acc: 0000, samples: 0/0
display  D   display_settings.c:529  _al_score_display_settings       [   0.13567] Score is : 897
display  D   display_settings.c:214  debug_display_settings           [   0.13569] color: 16 (rgba 5650), depth: 24, stencil: 0, acc: 0000, samples: 2/1
display  D   display_settings.c:529  _al_score_display_settings       [   0.13571] Score is : 726
display  D   display_settings.c:214  debug_display_settings           [   0.13573] color: 16 (rgba 5650), depth: 24, stencil: 0, acc: 0000, samples: 3/1
display  D   display_settings.c:529  _al_score_display_settings       [   0.13575] Score is : 721
display  D   display_settings.c:214  debug_display_settings           [   0.13576] color: 16 (rgba 5650), depth: 24, stencil: 0, acc: 0000, samples: 4/1
display  D   display_settings.c:529  _al_score_display_settings       [   0.13578] Score is : 717
display  D   display_settings.c:214  debug_display_settings           [   0.13580] color: 16 (rgba 5650), depth: 16, stencil: 0, acc: 0000, samples: 0/0
display  D   display_settings.c:529  _al_score_display_settings       [   0.13582] Score is : 897
display  D   display_settings.c:214  debug_display_settings           [   0.13584] color: 16 (rgba 5650), depth: 16, stencil: 0, acc: 0000, samples: 0/0
display  D   display_settings.c:529  _al_score_display_settings       [   0.13586] Score is : 897
display  D   display_settings.c:214  debug_display_settings           [   0.13588] color: 16 (rgba 5650), depth: 16, stencil: 0, acc: 0000, samples: 2/1
display  D   display_settings.c:529  _al_score_display_settings       [   0.13590] Score is : 726
display  D   display_settings.c:214  debug_display_settings           [   0.13592] color: 16 (rgba 5650), depth: 16, stencil: 0, acc: 0000, samples: 3/1
display  D   display_settings.c:529  _al_score_display_settings       [   0.13594] Score is : 721
display  D   display_settings.c:214  debug_display_settings           [   0.13596] color: 16 (rgba 5650), depth: 16, stencil: 0, acc: 0000, samples: 4/1
display  D   display_settings.c:529  _al_score_display_settings       [   0.13598] Score is : 717
display  D   display_settings.c:214  debug_display_settings           [   0.13600] color: 32 (rgba 8880), depth: 0, stencil: 0, acc: 0000, samples: 0/0
display  D   display_settings.c:400  _al_score_display_settings       [   0.13602] Single Buffer requirement not met.
display  D   display_settings.c:214  debug_display_settings           [   0.13604] color: 32 (rgba 8880), depth: 0, stencil: 0, acc: 0000, samples: 0/0
display  D   display_settings.c:400  _al_score_display_settings       [   0.13606] Single Buffer requirement not met.
display  D   display_settings.c:214  debug_display_settings           [   0.13608] color: 32 (rgba 8880), depth: 0, stencil: 0, acc: 0000, samples: 2/1
display  D   display_settings.c:400  _al_score_display_settings       [   0.13615] Single Buffer requirement not met.
display  D   display_settings.c:214  debug_display_settings           [   0.13623] color: 32 (rgba 8880), depth: 0, stencil: 0, acc: 0000, samples: 3/1
display  D   display_settings.c:400  _al_score_display_settings       [   0.13625] Single Buffer requirement not met.
display  D   display_settings.c:214  debug_display_settings           [   0.13627] color: 32 (rgba 8880), depth: 0, stencil: 0, acc: 0000, samples: 4/1
display  D   display_settings.c:400  _al_score_display_settings       [   0.13629] Single Buffer requirement not met.
display  D   display_settings.c:214  debug_display_settings           [   0.13631] color: 32 (rgba 8880), depth: 24, stencil: 8, acc: 0000, samples: 0/0
display  D   display_settings.c:400  _al_score_display_settings       [   0.13633] Single Buffer requirement not met.
display  D   display_settings.c:214  debug_display_settings           [   0.13635] color: 32 (rgba 8880), depth: 24, stencil: 8, acc: 0000, samples: 0/0
display  D   display_settings.c:400  _al_score_display_settings       [   0.13637] Single Buffer requirement not met.
display  D   display_settings.c:214  debug_display_settings           [   0.13639] color: 32 (rgba 8880), depth: 24, stencil: 8, acc: 0000, samples: 2/1
display  D   display_settings.c:400  _al_score_display_settings       [   0.13642] Single Buffer requirement not met.
display  D   display_settings.c:214  debug_display_settings           [   0.13644] color: 32 (rgba 8880), depth: 24, stencil: 8, acc: 0000, samples: 3/1
display  D   display_settings.c:400  _al_score_display_settings       [   0.13646] Single Buffer requirement not met.
display  D   display_settings.c:214  debug_display_settings           [   0.13648] color: 32 (rgba 8880), depth: 24, stencil: 8, acc: 0000, samples: 4/1
display  D   display_settings.c:400  _al_score_display_settings       [   0.13650] Single Buffer requirement not met.
display  D   display_settings.c:214  debug_display_settings           [   0.13652] color: 32 (rgba 8880), depth: 24, stencil: 0, acc: 0000, samples: 0/0
display  D   display_settings.c:400  _al_score_display_settings       [   0.13654] Single Buffer requirement not met.
display  D   display_settings.c:214  debug_display_settings           [   0.13655] color: 32 (rgba 8880), depth: 24, stencil: 0, acc: 0000, samples: 0/0
display  D   display_settings.c:400  _al_score_display_settings       [   0.13658] Single Buffer requirement not met.
display  D   display_settings.c:214  debug_display_settings           [   0.13660] color: 32 (rgba 8880), depth: 24, stencil: 0, acc: 0000, samples: 2/1
display  D   display_settings.c:400  _al_score_display_settings       [   0.13662] Single Buffer requirement not met.
display  D   display_settings.c:214  debug_display_settings           [   0.13663] color: 32 (rgba 8880), depth: 24, stencil: 0, acc: 0000, samples: 3/1
display  D   display_settings.c:400  _al_score_display_settings       [   0.13665] Single Buffer requirement not met.
display  D   display_settings.c:214  debug_display_settings           [   0.13667] color: 32 (rgba 8880), depth: 24, stencil: 0, acc: 0000, samples: 4/1
display  D   display_settings.c:400  _al_score_display_settings       [   0.13669] Single Buffer requirement not met.
display  D   display_settings.c:214  debug_display_settings           [   0.13671] color: 32 (rgba 8880), depth: 16, stencil: 0, acc: 0000, samples: 0/0
display  D   display_settings.c:400  _al_score_display_settings       [   0.13674] Single Buffer requirement not met.
display  D   display_settings.c:214  debug_display_settings           [   0.13676] color: 32 (rgba 8880), depth: 16, stencil: 0, acc: 0000, samples: 0/0
display  D   display_settings.c:400  _al_score_display_settings       [   0.13678] Single Buffer requirement not met.
display  D   display_settings.c:214  debug_display_settings           [   0.13679] color: 32 (rgba 8880), depth: 16, stencil: 0, acc: 0000, samples: 2/1
display  D   display_settings.c:400  _al_score_display_settings       [   0.13687] Single Buffer requirement not met.
display  D   display_settings.c:214  debug_display_settings           [   0.13690] color: 32 (rgba 8880), depth: 16, stencil: 0, acc: 0000, samples: 3/1
display  D   display_settings.c:400  _al_score_display_settings       [   0.13693] Single Buffer requirement not met.
display  D   display_settings.c:214  debug_display_settings           [   0.13694] color: 32 (rgba 8880), depth: 16, stencil: 0, acc: 0000, samples: 4/1
display  D   display_settings.c:400  _al_score_display_settings       [   0.13697] Single Buffer requirement not met.
display  D   display_settings.c:214  debug_display_settings           [   0.13698] color: 16 (rgba 5650), depth: 0, stencil: 0, acc: 0000, samples: 0/0
display  D   display_settings.c:400  _al_score_display_settings       [   0.13700] Single Buffer requirement not met.
display  D   display_settings.c:214  debug_display_settings           [   0.13702] color: 16 (rgba 5650), depth: 0, stencil: 0, acc: 0000, samples: 0/0
display  D   display_settings.c:400  _al_score_display_settings       [   0.13704] Single Buffer requirement not met.
display  D   display_settings.c:214  debug_display_settings           [   0.13707] color: 16 (rgba 5650), depth: 0, stencil: 0, acc: 0000, samples: 2/1
display  D   display_settings.c:400  _al_score_display_settings       [   0.13711] Single Buffer requirement not met.
display  D   display_settings.c:214  debug_display_settings           [   0.13713] color: 16 (rgba 5650), depth: 0, stencil: 0, acc: 0000, samples: 3/1
display  D   display_settings.c:400  _al_score_display_settings       [   0.13715] Single Buffer requirement not met.
display  D   display_settings.c:214  debug_display_settings           [   0.13717] color: 16 (rgba 5650), depth: 0, stencil: 0, acc: 0000, samples: 4/1
display  D   display_settings.c:400  _al_score_display_settings       [   0.13719] Single Buffer requirement not met.
display  D   display_settings.c:214  debug_display_settings           [   0.13721] color: 16 (rgba 5650), depth: 24, stencil: 8, acc: 0000, samples: 0/0
display  D   display_settings.c:400  _al_score_display_settings       [   0.13723] Single Buffer requirement not met.
display  D   display_settings.c:214  debug_display_settings           [   0.13725] color: 16 (rgba 5650), depth: 24, stencil: 8, acc: 0000, samples: 0/0
display  D   display_settings.c:400  _al_score_display_settings       [   0.13727] Single Buffer requirement not met.
display  D   display_settings.c:214  debug_display_settings           [   0.13729] color: 16 (rgba 5650), depth: 24, stencil: 8, acc: 0000, samples: 2/1
display  D   display_settings.c:400  _al_score_display_settings       [   0.13731] Single Buffer requirement not met.
display  D   display_settings.c:214  debug_display_settings           [   0.13732] color: 16 (rgba 5650), depth: 24, stencil: 8, acc: 0000, samples: 3/1
display  D   display_settings.c:400  _al_score_display_settings       [   0.13734] Single Buffer requirement not met.
display  D   display_settings.c:214  debug_display_settings           [   0.13736] color: 16 (rgba 5650), depth: 24, stencil: 8, acc: 0000, samples: 4/1
display  D   display_settings.c:400  _al_score_display_settings       [   0.13738] Single Buffer requirement not met.
display  D   display_settings.c:214  debug_display_settings           [   0.13740] color: 16 (rgba 5650), depth: 24, stencil: 0, acc: 0000, samples: 0/0
display  D   display_settings.c:400  _al_score_display_settings       [   0.13742] Single Buffer requirement not met.
display  D   display_settings.c:214  debug_display_settings           [   0.13744] color: 16 (rgba 5650), depth: 24, stencil: 0, acc: 0000, samples: 0/0
display  D   display_settings.c:400  _al_score_display_settings       [   0.13746] Single Buffer requirement not met.
display  D   display_settings.c:214  debug_display_settings           [   0.13748] color: 16 (rgba 5650), depth: 24, stencil: 0, acc: 0000, samples: 2/1
display  D   display_settings.c:400  _al_score_display_settings       [   0.13753] Single Buffer requirement not met.
display  D   display_settings.c:214  debug_display_settings           [   0.13756] color: 16 (rgba 5650), depth: 24, stencil: 0, acc: 0000, samples: 3/1
display  D   display_settings.c:400  _al_score_display_settings       [   0.13759] Single Buffer requirement not met.
display  D   display_settings.c:214  debug_display_settings           [   0.13762] color: 16 (rgba 5650), depth: 24, stencil: 0, acc: 0000, samples: 4/1
display  D   display_settings.c:400  _al_score_display_settings       [   0.13765] Single Buffer requirement not met.
display  D   display_settings.c:214  debug_display_settings           [   0.13768] color: 16 (rgba 5650), depth: 16, stencil: 0, acc: 0000, samples: 0/0
display  D   display_settings.c:400  _al_score_display_settings       [   0.13771] Single Buffer requirement not met.
display  D   display_settings.c:214  debug_display_settings           [   0.13774] color: 16 (rgba 5650), depth: 16, stencil: 0, acc: 0000, samples: 0/0
display  D   display_settings.c:400  _al_score_display_settings       [   0.13777] Single Buffer requirement not met.
display  D   display_settings.c:214  debug_display_settings           [   0.13780] color: 16 (rgba 5650), depth: 16, stencil: 0, acc: 0000, samples: 2/1
display  D   display_settings.c:400  _al_score_display_settings       [   0.13783] Single Buffer requirement not met.
display  D   display_settings.c:214  debug_display_settings           [   0.13787] color: 16 (rgba 5650), depth: 16, stencil: 0, acc: 0000, samples: 3/1
display  D   display_settings.c:400  _al_score_display_settings       [   0.13790] Single Buffer requirement not met.
display  D   display_settings.c:214  debug_display_settings           [   0.13791] color: 16 (rgba 5650), depth: 16, stencil: 0, acc: 0000, samples: 4/1
display  D   display_settings.c:400  _al_score_display_settings       [   0.13793] Single Buffer requirement not met.
display  D   display_settings.c:214  debug_display_settings           [   0.13795] color: 32 (rgba 8880), depth: 0, stencil: 0, acc: 0000, samples: 0/0
display  D   display_settings.c:529  _al_score_display_settings       [   0.13798] Score is : 769
display  D   display_settings.c:214  debug_display_settings           [   0.13800] color: 32 (rgba 8880), depth: 0, stencil: 0, acc: 0000, samples: 0/0
display  D   display_settings.c:529  _al_score_display_settings       [   0.13802] Score is : 769
display  D   display_settings.c:214  debug_display_settings           [   0.13804] color: 32 (rgba 8880), depth: 0, stencil: 0, acc: 0000, samples: 2/1
display  D   display_settings.c:529  _al_score_display_settings       [   0.13806] Score is : 598
display  D   display_settings.c:214  debug_display_settings           [   0.13808] color: 32 (rgba 8880), depth: 0, stencil: 0, acc: 0000, samples: 3/1
display  D   display_settings.c:529  _al_score_display_settings       [   0.13811] Score is : 593
display  D   display_settings.c:214  debug_display_settings           [   0.13814] color: 32 (rgba 8880), depth: 0, stencil: 0, acc: 0000, samples: 4/1
display  D   display_settings.c:529  _al_score_display_settings       [   0.13817] Score is : 589
display  D   display_settings.c:214  debug_display_settings           [   0.13819] color: 32 (rgba 8880), depth: 24, stencil: 8, acc: 0000, samples: 0/0
display  D   display_settings.c:529  _al_score_display_settings       [   0.13822] Score is : 769
display  D   display_settings.c:214  debug_display_settings           [   0.13824] color: 32 (rgba 8880), depth: 24, stencil: 8, acc: 0000, samples: 0/0
display  D   display_settings.c:529  _al_score_display_settings       [   0.13827] Score is : 769
display  D   display_settings.c:214  debug_display_settings           [   0.13829] color: 32 (rgba 8880), depth: 24, stencil: 8, acc: 0000, samples: 2/1
display  D   display_settings.c:529  _al_score_display_settings       [   0.13832] Score is : 598
display  D   display_settings.c:214  debug_display_settings           [   0.13835] color: 32 (rgba 8880), depth: 24, stencil: 8, acc: 0000, samples: 3/1
display  D   display_settings.c:529  _al_score_display_settings       [   0.13838] Score is : 593
display  D   display_settings.c:214  debug_display_settings           [   0.13839] color: 32 (rgba 8880), depth: 24, stencil: 8, acc: 0000, samples: 4/1
display  D   display_settings.c:529  _al_score_display_settings       [   0.13842] Score is : 589
display  D   display_settings.c:214  debug_display_settings           [   0.13843] color: 32 (rgba 8880), depth: 24, stencil: 0, acc: 0000, samples: 0/0
display  D   display_settings.c:529  _al_score_display_settings       [   0.13845] Score is : 769
display  D   display_settings.c:214  debug_display_settings           [   0.13847] color: 32 (rgba 8880), depth: 24, stencil: 0, acc: 0000, samples: 0/0
display  D   display_settings.c:529  _al_score_display_settings       [   0.13849] Score is : 769
display  D   display_settings.c:214  debug_display_settings           [   0.13850] color: 32 (rgba 8880), depth: 24, stencil: 0, acc: 0000, samples: 2/1
display  D   display_settings.c:529  _al_score_display_settings       [   0.13852] Score is : 598
display  D   display_settings.c:214  debug_display_settings           [   0.13854] color: 32 (rgba 8880), depth: 24, stencil: 0, acc: 0000, samples: 3/1
display  D   display_settings.c:529  _al_score_display_settings       [   0.13856] Score is : 593
display  D   display_settings.c:214  debug_display_settings           [   0.13858] color: 32 (rgba 8880), depth: 24, stencil: 0, acc: 0000, samples: 4/1
display  D   display_settings.c:529  _al_score_display_settings       [   0.13860] Score is : 589
display  D   display_settings.c:214  debug_display_settings           [   0.13861] color: 32 (rgba 8880), depth: 16, stencil: 0, acc: 0000, samples: 0/0
display  D   display_settings.c:529  _al_score_display_settings       [   0.13864] Score is : 769
display  D   display_settings.c:214  debug_display_settings           [   0.13866] color: 32 (rgba 8880), depth: 16, stencil: 0, acc: 0000, samples: 0/0
display  D   display_settings.c:529  _al_score_display_settings       [   0.13868] Score is : 769
display  D   display_settings.c:214  debug_display_settings           [   0.13869] color: 32 (rgba 8880), depth: 16, stencil: 0, acc: 0000, samples: 2/1
display  D   display_settings.c:529  _al_score_display_settings       [   0.13871] Score is : 598
display  D   display_settings.c:214  debug_display_settings           [   0.13873] color: 32 (rgba 8880), depth: 16, stencil: 0, acc: 0000, samples: 3/1
display  D   display_settings.c:529  _al_score_display_settings       [   0.13875] Score is : 593
display  D   display_settings.c:214  debug_display_settings           [   0.13877] color: 32 (rgba 8880), depth: 16, stencil: 0, acc: 0000, samples: 4/1
display  D   display_settings.c:529  _al_score_display_settings       [   0.13879] Score is : 589
display  D   display_settings.c:214  debug_display_settings           [   0.13881] color: 16 (rgba 5650), depth: 0, stencil: 0, acc: 0000, samples: 0/0
display  D   display_settings.c:529  _al_score_display_settings       [   0.13883] Score is : 769
display  D   display_settings.c:214  debug_display_settings           [   0.13884] color: 16 (rgba 5650), depth: 0, stencil: 0, acc: 0000, samples: 0/0
display  D   display_settings.c:529  _al_score_display_settings       [   0.13886] Score is : 769
display  D   display_settings.c:214  debug_display_settings           [   0.13888] color: 16 (rgba 5650), depth: 0, stencil: 0, acc: 0000, samples: 2/1
display  D   display_settings.c:529  _al_score_display_settings       [   0.13890] Score is : 598
display  D   display_settings.c:214  debug_display_settings           [   0.13892] color: 16 (rgba 5650), depth: 0, stencil: 0, acc: 0000, samples: 3/1
display  D   display_settings.c:529  _al_score_display_settings       [   0.13894] Score is : 593
display  D   display_settings.c:214  debug_display_settings           [   0.13896] color: 16 (rgba 5650), depth: 0, stencil: 0, acc: 0000, samples: 4/1
display  D   display_settings.c:529  _al_score_display_settings       [   0.13898] Score is : 589
display  D   display_settings.c:214  debug_display_settings           [   0.13900] color: 16 (rgba 5650), depth: 24, stencil: 8, acc: 0000, samples: 0/0
display  D   display_settings.c:529  _al_score_display_settings       [   0.13902] Score is : 769
display  D   display_settings.c:214  debug_display_settings           [   0.13904] color: 16 (rgba 5650), depth: 24, stencil: 8, acc: 0000, samples: 0/0
display  D   display_settings.c:529  _al_score_display_settings       [   0.13906] Score is : 769
display  D   display_settings.c:214  debug_display_settings           [   0.13907] color: 16 (rgba 5650), depth: 24, stencil: 8, acc: 0000, samples: 2/1
display  D   display_settings.c:529  _al_score_display_settings       [   0.13909] Score is : 598
display  D   display_settings.c:214  debug_display_settings           [   0.13911] color: 16 (rgba 5650), depth: 24, stencil: 8, acc: 0000, samples: 3/1
display  D   display_settings.c:529  _al_score_display_settings       [   0.13913] Score is : 593
display  D   display_settings.c:214  debug_display_settings           [   0.13914] color: 16 (rgba 5650), depth: 24, stencil: 8, acc: 0000, samples: 4/1
display  D   display_settings.c:529  _al_score_display_settings       [   0.13918] Score is : 589
display  D   display_settings.c:214  debug_display_settings           [   0.13922] color: 16 (rgba 5650), depth: 24, stencil: 0, acc: 0000, samples: 0/0
display  D   display_settings.c:529  _al_score_display_settings       [   0.13925] Score is : 769
display  D   display_settings.c:214  debug_display_settings           [   0.13928] color: 16 (rgba 5650), depth: 24, stencil: 0, acc: 0000, samples: 0/0
display  D   display_settings.c:529  _al_score_display_settings       [   0.13932] Score is : 769
display  D   display_settings.c:214  debug_display_settings           [   0.13935] color: 16 (rgba 5650), depth: 24, stencil: 0, acc: 0000, samples: 2/1
display  D   display_settings.c:529  _al_score_display_settings       [   0.13939] Score is : 598
display  D   display_settings.c:214  debug_display_settings           [   0.13941] color: 16 (rgba 5650), depth: 24, stencil: 0, acc: 0000, samples: 3/1
display  D   display_settings.c:529  _al_score_display_settings       [   0.13944] Score is : 593
display  D   display_settings.c:214  debug_display_settings           [   0.13946] color: 16 (rgba 5650), depth: 24, stencil: 0, acc: 0000, samples: 4/1
display  D   display_settings.c:529  _al_score_display_settings       [   0.13948] Score is : 589
display  D   display_settings.c:214  debug_display_settings           [   0.13951] color: 16 (rgba 5650), depth: 16, stencil: 0, acc: 0000, samples: 0/0
display  D   display_settings.c:529  _al_score_display_settings       [   0.13953] Score is : 769
display  D   display_settings.c:214  debug_display_settings           [   0.13956] color: 16 (rgba 5650), depth: 16, stencil: 0, acc: 0000, samples: 0/0
display  D   display_settings.c:529  _al_score_display_settings       [   0.13958] Score is : 769
display  D   display_settings.c:214  debug_display_settings           [   0.13960] color: 16 (rgba 5650), depth: 16, stencil: 0, acc: 0000, samples: 2/1
display  D   display_settings.c:529  _al_score_display_settings       [   0.13963] Score is : 598
display  D   display_settings.c:214  debug_display_settings           [   0.13965] color: 16 (rgba 5650), depth: 16, stencil: 0, acc: 0000, samples: 3/1
display  D   display_settings.c:529  _al_score_display_settings       [   0.13968] Score is : 593
display  D   display_settings.c:214  debug_display_settings           [   0.13970] color: 16 (rgba 5650), depth: 16, stencil: 0, acc: 0000, samples: 4/1
display  D   display_settings.c:529  _al_score_display_settings       [   0.13972] Score is : 589
display  D   display_settings.c:214  debug_display_settings           [   0.13974] color: 32 (rgba 8880), depth: 0, stencil: 0, acc: 0000, samples: 0/0
display  D   display_settings.c:400  _al_score_display_settings       [   0.13983] Single Buffer requirement not met.
display  D   display_settings.c:214  debug_display_settings           [   0.13987] color: 32 (rgba 8880), depth: 0, stencil: 0, acc: 0000, samples: 0/0
display  D   display_settings.c:400  _al_score_display_settings       [   0.13990] Single Buffer requirement not met.
display  D   display_settings.c:214  debug_display_settings           [   0.13992] color: 32 (rgba 8880), depth: 0, stencil: 0, acc: 0000, samples: 2/1
display  D   display_settings.c:400  _al_score_display_settings       [   0.13995] Single Buffer requirement not met.
display  D   display_settings.c:214  debug_display_settings           [   0.13997] color: 32 (rgba 8880), depth: 0, stencil: 0, acc: 0000, samples: 3/1
display  D   display_settings.c:400  _al_score_display_settings       [   0.14000] Single Buffer requirement not met.
display  D   display_settings.c:214  debug_display_settings           [   0.14002] color: 32 (rgba 8880), depth: 0, stencil: 0, acc: 0000, samples: 4/1
display  D   display_settings.c:400  _al_score_display_settings       [   0.14004] Single Buffer requirement not met.
display  D   display_settings.c:214  debug_display_settings           [   0.14007] color: 32 (rgba 8880), depth: 24, stencil: 8, acc: 0000, samples: 0/0
display  D   display_settings.c:400  _al_score_display_settings       [   0.14009] Single Buffer requirement not met.
display  D   display_settings.c:214  debug_display_settings           [   0.14011] color: 32 (rgba 8880), depth: 24, stencil: 8, acc: 0000, samples: 0/0
display  D   display_settings.c:400  _al_score_display_settings       [   0.14014] Single Buffer requirement not met.
display  D   display_settings.c:214  debug_display_settings           [   0.14016] color: 32 (rgba 8880), depth: 24, stencil: 8, acc: 0000, samples: 2/1
display  D   display_settings.c:400  _al_score_display_settings       [   0.14019] Single Buffer requirement not met.
display  D   display_settings.c:214  debug_display_settings           [   0.14021] color: 32 (rgba 8880), depth: 24, stencil: 8, acc: 0000, samples: 3/1
display  D   display_settings.c:400  _al_score_display_settings       [   0.14023] Single Buffer requirement not met.
display  D   display_settings.c:214  debug_display_settings           [   0.14026] color: 32 (rgba 8880), depth: 24, stencil: 8, acc: 0000, samples: 4/1
display  D   display_settings.c:400  _al_score_display_settings       [   0.14028] Single Buffer requirement not met.
display  D   display_settings.c:214  debug_display_settings           [   0.14030] color: 32 (rgba 8880), depth: 24, stencil: 0, acc: 0000, samples: 0/0
display  D   display_settings.c:400  _al_score_display_settings       [   0.14033] Single Buffer requirement not met.
display  D   display_settings.c:214  debug_display_settings           [   0.14035] color: 32 (rgba 8880), depth: 24, stencil: 0, acc: 0000, samples: 0/0
display  D   display_settings.c:400  _al_score_display_settings       [   0.14038] Single Buffer requirement not met.
display  D   display_settings.c:214  debug_display_settings           [   0.14040] color: 32 (rgba 8880), depth: 24, stencil: 0, acc: 0000, samples: 2/1
display  D   display_settings.c:400  _al_score_display_settings       [   0.14043] Single Buffer requirement not met.
display  D   display_settings.c:214  debug_display_settings           [   0.14045] color: 32 (rgba 8880), depth: 24, stencil: 0, acc: 0000, samples: 3/1
display  D   display_settings.c:400  _al_score_display_settings       [   0.14048] Single Buffer requirement not met.
display  D   display_settings.c:214  debug_display_settings           [   0.14050] color: 32 (rgba 8880), depth: 24, stencil: 0, acc: 0000, samples: 4/1
display  D   display_settings.c:400  _al_score_display_settings       [   0.14053] Single Buffer requirement not met.
display  D   display_settings.c:214  debug_display_settings           [   0.14055] color: 32 (rgba 8880), depth: 16, stencil: 0, acc: 0000, samples: 0/0
display  D   display_settings.c:400  _al_score_display_settings       [   0.14063] Single Buffer requirement not met.
display  D   display_settings.c:214  debug_display_settings           [   0.14066] color: 32 (rgba 8880), depth: 16, stencil: 0, acc: 0000, samples: 0/0
display  D   display_settings.c:400  _al_score_display_settings       [   0.14069] Single Buffer requirement not met.
display  D   display_settings.c:214  debug_display_settings           [   0.14072] color: 32 (rgba 8880), depth: 16, stencil: 0, acc: 0000, samples: 2/1
display  D   display_settings.c:400  _al_score_display_settings       [   0.14075] Single Buffer requirement not met.
display  D   display_settings.c:214  debug_display_settings           [   0.14077] color: 32 (rgba 8880), depth: 16, stencil: 0, acc: 0000, samples: 3/1
display  D   display_settings.c:400  _al_score_display_settings       [   0.14080] Single Buffer requirement not met.
display  D   display_settings.c:214  debug_display_settings           [   0.14082] color: 32 (rgba 8880), depth: 16, stencil: 0, acc: 0000, samples: 4/1
display  D   display_settings.c:400  _al_score_display_settings       [   0.14085] Single Buffer requirement not met.
display  D   display_settings.c:214  debug_display_settings           [   0.14087] color: 16 (rgba 5650), depth: 0, stencil: 0, acc: 0000, samples: 0/0
display  D   display_settings.c:400  _al_score_display_settings       [   0.14090] Single Buffer requirement not met.
display  D   display_settings.c:214  debug_display_settings           [   0.14092] color: 16 (rgba 5650), depth: 0, stencil: 0, acc: 0000, samples: 0/0
display  D   display_settings.c:400  _al_score_display_settings       [   0.14095] Single Buffer requirement not met.
display  D   display_settings.c:214  debug_display_settings           [   0.14097] color: 16 (rgba 5650), depth: 0, stencil: 0, acc: 0000, samples: 2/1
display  D   display_settings.c:400  _al_score_display_settings       [   0.14100] Single Buffer requirement not met.
display  D   display_settings.c:214  debug_display_settings           [   0.14102] color: 16 (rgba 5650), depth: 0, stencil: 0, acc: 0000, samples: 3/1
display  D   display_settings.c:400  _al_score_display_settings       [   0.14105] Single Buffer requirement not met.
display  D   display_settings.c:214  debug_display_settings           [   0.14108] color: 16 (rgba 5650), depth: 0, stencil: 0, acc: 0000, samples: 4/1
display  D   display_settings.c:400  _al_score_display_settings       [   0.14111] Single Buffer requirement not met.
display  D   display_settings.c:214  debug_display_settings           [   0.14113] color: 16 (rgba 5650), depth: 24, stencil: 8, acc: 0000, samples: 0/0
display  D   display_settings.c:400  _al_score_display_settings       [   0.14115] Single Buffer requirement not met.
display  D   display_settings.c:214  debug_display_settings           [   0.14118] color: 16 (rgba 5650), depth: 24, stencil: 8, acc: 0000, samples: 0/0
display  D   display_settings.c:400  _al_score_display_settings       [   0.14121] Single Buffer requirement not met.
display  D   display_settings.c:214  debug_display_settings           [   0.14122] color: 16 (rgba 5650), depth: 24, stencil: 8, acc: 0000, samples: 2/1
display  D   display_settings.c:400  _al_score_display_settings       [   0.14125] Single Buffer requirement not met.
display  D   display_settings.c:214  debug_display_settings           [   0.14126] color: 16 (rgba 5650), depth: 24, stencil: 8, acc: 0000, samples: 3/1
display  D   display_settings.c:400  _al_score_display_settings       [   0.14128] Single Buffer requirement not met.
display  D   display_settings.c:214  debug_display_settings           [   0.14130] color: 16 (rgba 5650), depth: 24, stencil: 8, acc: 0000, samples: 4/1
display  D   display_settings.c:400  _al_score_display_settings       [   0.14132] Single Buffer requirement not met.
display  D   display_settings.c:214  debug_display_settings           [   0.14134] color: 16 (rgba 5650), depth: 24, stencil: 0, acc: 0000, samples: 0/0
display  D   display_settings.c:400  _al_score_display_settings       [   0.14137] Single Buffer requirement not met.
display  D   display_settings.c:214  debug_display_settings           [   0.14138] color: 16 (rgba 5650), depth: 24, stencil: 0, acc: 0000, samples: 0/0
display  D   display_settings.c:400  _al_score_display_settings       [   0.14141] Single Buffer requirement not met.
display  D   display_settings.c:214  debug_display_settings           [   0.14142] color: 16 (rgba 5650), depth: 24, stencil: 0, acc: 0000, samples: 2/1
display  D   display_settings.c:400  _al_score_display_settings       [   0.14144] Single Buffer requirement not met.
display  D   display_settings.c:214  debug_display_settings           [   0.14146] color: 16 (rgba 5650), depth: 24, stencil: 0, acc: 0000, samples: 3/1
display  D   display_settings.c:400  _al_score_display_settings       [   0.14148] Single Buffer requirement not met.
display  D   display_settings.c:214  debug_display_settings           [   0.14150] color: 16 (rgba 5650), depth: 24, stencil: 0, acc: 0000, samples: 4/1
display  D   display_settings.c:400  _al_score_display_settings       [   0.14152] Single Buffer requirement not met.
display  D   display_settings.c:214  debug_display_settings           [   0.14153] color: 16 (rgba 5650), depth: 16, stencil: 0, acc: 0000, samples: 0/0
display  D   display_settings.c:400  _al_score_display_settings       [   0.14155] Single Buffer requirement not met.
display  D   display_settings.c:214  debug_display_settings           [   0.14157] color: 16 (rgba 5650), depth: 16, stencil: 0, acc: 0000, samples: 0/0
display  D   display_settings.c:400  _al_score_display_settings       [   0.14159] Single Buffer requirement not met.
display  D   display_settings.c:214  debug_display_settings           [   0.14161] color: 16 (rgba 5650), depth: 16, stencil: 0, acc: 0000, samples: 2/1
display  D   display_settings.c:400  _al_score_display_settings       [   0.14163] Single Buffer requirement not met.
display  D   display_settings.c:214  debug_display_settings           [   0.14165] color: 16 (rgba 5650), depth: 16, stencil: 0, acc: 0000, samples: 3/1
display  D   display_settings.c:400  _al_score_display_settings       [   0.14167] Single Buffer requirement not met.
display  D   display_settings.c:214  debug_display_settings           [   0.14168] color: 16 (rgba 5650), depth: 16, stencil: 0, acc: 0000, samples: 4/1
display  D   display_settings.c:400  _al_score_display_settings       [   0.14170] Single Buffer requirement not met.
d3d      D         d3d_disp.cpp:1677 d3d_create_display_internals     [   0.14200] Trying format 0.
d3d      I         d3d_disp.cpp:1353 d3d_display_thread_proc          [   0.14231] Chose a display format: 23
d3d      I         d3d_disp.cpp:1422 d3d_display_thread_proc          [   0.14236] Normal window.
d3d      I         d3d_disp.cpp:786  d3d_create_device                [   0.23984] Using no depth stencil buffer
d3d      D         d3d_disp.cpp:848  d3d_create_device                [   0.42540] BeginScene succeeded in create_device
d3d      D         d3d_disp.cpp:856  d3d_create_device                [   0.42552] Success
d3d      D         d3d_disp.cpp:1703 d3d_create_display_internals     [   0.42558] Resumed after wait.
d3d      I         d3d_disp.cpp:1736 d3d_create_display_internals     [   0.42564] Format 0 succeeded.
d3d      D         d3d_disp.cpp:1767 d3d_create_display_internals     [   0.42570] Returning d3d_display: 00000237DB692470
d3d      D         d3d_disp.cpp:1792 d3d_create_display_locked        [   0.42572] al_display=00000237DB692470
d3d      D         d3d_disp.cpp:1793 d3d_create_display_locked        [   0.42574] al_display->vt=00000237DB7AAA90
d3d      I         d3d_disp.cpp:910  d3d_destroy_display              [   5.43270] destroying display 00000237DB692470 (current 0000000000000000)
d3d      D         d3d_disp.cpp:894  d3d_destroy_display_internals    [   5.43688] waiting for display 00000237DB692470's thread to end
d3d      W         d3d_disp.cpp:603  d3d_destroy_device               [   5.48744] d3d_destroy_device: ref count not 0
d3d      W         d3d_disp.cpp:603  d3d_destroy_device               [   5.48757] d3d_destroy_device: ref count not 0
d3d      I         d3d_disp.cpp:1557 d3d_display_thread_proc          [   5.50157] d3d display thread exits
